<?xml version="1.0" encoding="UTF-8"?>
<robot generator="Robot 4.1 (Python 3.9.7 on win32)" generated="20210903 14:27:46.967" rpa="false" schemaversion="2">
<suite id="s1" name="CreateCharacter" source="C:\ProjetosGit\AutomationTesting\RobotFramework\api-testes\specs\CreateCharacter.robot">
<kw name="Super Setup" library="Base" type="SETUP">
<arg>antonirocha@outlook.com.br</arg>
<kw name="Set Client Key" library="Base">
<arg>${email}</arg>
<kw name="Create Dictionary" library="BuiltIn">
<var>&amp;{usuario}</var>
<arg>email=${email}</arg>
<doc>Creates and returns a dictionary based on the given ``items``.</doc>
<msg timestamp="20210903 14:27:47.148" level="INFO">&amp;{usuario} = { email=antonirocha@outlook.com.br }</msg>
<status status="PASS" starttime="20210903 14:27:47.147" endtime="20210903 14:27:47.148"/>
</kw>
<kw name="POST" library="RequestsLibrary">
<var>${response}</var>
<arg>${API_URL}/accounts</arg>
<arg>json=${usuario}</arg>
<doc>Sends a POST request.</doc>
<msg timestamp="20210903 14:27:47.866" level="INFO">POST Request : url=http://marvel.qaninja.academy/accounts 
 path_url=/accounts 
 headers={'User-Agent': 'python-requests/2.26.0', 'Accept-Encoding': 'gzip, deflate', 'Accept': '*/*', 'Connection': 'keep-alive', 'Content-Length': '39', 'Content-Type': 'application/json'} 
 body=b'{"email": "antonirocha@outlook.com.br"}' 
 </msg>
<msg timestamp="20210903 14:27:47.867" level="INFO">POST Response : url=http://marvel.qaninja.academy/accounts 
 status=200, reason=OK 
 headers={'Server': 'Cowboy', 'Connection': 'keep-alive', 'X-Powered-By': 'Express', 'Access-Control-Allow-Origin': '*', 'Content-Type': 'application/json; charset=utf-8', 'Content-Length': '41', 'Etag': 'W/"29-2GI3N7QXUGj7iEICGP//dnP2kQ0"', 'Date': 'Fri, 03 Sep 2021 18:27:47 GMT', 'Via': '1.1 vegur'} 
 body={"client_key":"61300eda874ab200165f0d81"} 
 </msg>
<msg timestamp="20210903 14:27:47.867" level="INFO">${response} = &lt;Response [200]&gt;</msg>
<status status="PASS" starttime="20210903 14:27:47.148" endtime="20210903 14:27:47.867"/>
</kw>
<kw name="Set Variable" library="BuiltIn">
<var>${client_key}</var>
<arg>${response.json()}[client_key]</arg>
<doc>Returns the given values which can then be assigned to a variables.</doc>
<msg timestamp="20210903 14:27:47.867" level="INFO">${client_key} = 61300eda874ab200165f0d81</msg>
<status status="PASS" starttime="20210903 14:27:47.867" endtime="20210903 14:27:47.868"/>
</kw>
<kw name="Create Dictionary" library="BuiltIn">
<var>&amp;{HEADERS}</var>
<arg>client_key=${client_key}</arg>
<doc>Creates and returns a dictionary based on the given ``items``.</doc>
<msg timestamp="20210903 14:27:47.868" level="INFO">&amp;{HEADERS} = { client_key=61300eda874ab200165f0d81 }</msg>
<status status="PASS" starttime="20210903 14:27:47.868" endtime="20210903 14:27:47.868"/>
</kw>
<kw name="Set Suite Variable" library="BuiltIn">
<arg>${HEADERS}</arg>
<doc>Makes a variable available everywhere within the scope of the current suite.</doc>
<msg timestamp="20210903 14:27:47.868" level="INFO">${HEADERS} = {'client_key': '61300eda874ab200165f0d81'}</msg>
<status status="PASS" starttime="20210903 14:27:47.868" endtime="20210903 14:27:47.868"/>
</kw>
<status status="PASS" starttime="20210903 14:27:47.147" endtime="20210903 14:27:47.868"/>
</kw>
<kw name="Restore Database" library="Base">
<kw name="DELETE" library="RequestsLibrary">
<arg>${API_URL}/delorean</arg>
<arg>headers=${HEADERS}</arg>
<doc>Sends a DELETE request.</doc>
<msg timestamp="20210903 14:27:48.289" level="INFO">DELETE Request : url=http://marvel.qaninja.academy/delorean 
 path_url=/delorean 
 headers={'User-Agent': 'python-requests/2.26.0', 'Accept-Encoding': 'gzip, deflate', 'Accept': '*/*', 'Connection': 'keep-alive', 'client_key': '61300eda874ab200165f0d81', 'Content-Length': '0'} 
 body=None 
 </msg>
<msg timestamp="20210903 14:27:48.289" level="INFO">DELETE Response : url=http://marvel.qaninja.academy/delorean 
 status=200, reason=OK 
 headers={'Server': 'Cowboy', 'Connection': 'keep-alive', 'X-Powered-By': 'Express', 'Access-Control-Allow-Origin': '*', 'Content-Type': 'application/json; charset=utf-8', 'Content-Length': '31', 'Etag': 'W/"1f-ImqlboUfbv1n1FbEV48J/4RvhGg"', 'Date': 'Fri, 03 Sep 2021 18:27:48 GMT', 'Via': '1.1 vegur'} 
 body={"message":"Avengers Assemble"} 
 </msg>
<status status="PASS" starttime="20210903 14:27:47.869" endtime="20210903 14:27:48.289"/>
</kw>
<status status="PASS" starttime="20210903 14:27:47.868" endtime="20210903 14:27:48.290"/>
</kw>
<status status="PASS" starttime="20210903 14:27:47.146" endtime="20210903 14:27:48.290"/>
</kw>
<test id="s1-t1" name="Cadastrar Pesonagem">
<kw name="Factory Star Lord" library="Guardians">
<var>${personagem}</var>
<msg timestamp="20210903 14:27:48.291" level="INFO">${personagem} = {'name': 'Peter Quill', 'aliases': 'Star Lord', 'age': 30, 'team': 'Guardians of the Galaxy', 'active': True}</msg>
<status status="PASS" starttime="20210903 14:27:48.290" endtime="20210903 14:27:48.291"/>
</kw>
<kw name="POST New Character" library="Characters">
<var>${response}</var>
<arg>${personagem}</arg>
<kw name="POST" library="RequestsLibrary">
<var>${response}</var>
<arg>${API_URL}/characters</arg>
<arg>json=${payload}</arg>
<arg>headers=${HEADERS}</arg>
<arg>expected_status=any</arg>
<doc>Sends a POST request.</doc>
<msg timestamp="20210903 14:27:48.654" level="INFO">POST Request : url=http://marvel.qaninja.academy/characters 
 path_url=/characters 
 headers={'User-Agent': 'python-requests/2.26.0', 'Accept-Encoding': 'gzip, deflate', 'Accept': '*/*', 'Connection': 'keep-alive', 'client_key': '61300eda874ab200165f0d81', 'Content-Length': '109', 'Content-Type': 'application/json'} 
 body=b'{"name": "Peter Quill", "aliases": "Star Lord", "age": 30, "team": "Guardians of the Galaxy", "active": true}' 
 </msg>
<msg timestamp="20210903 14:27:48.654" level="INFO">POST Response : url=http://marvel.qaninja.academy/characters 
 status=200, reason=OK 
 headers={'Server': 'Cowboy', 'Connection': 'keep-alive', 'X-Powered-By': 'Express', 'Access-Control-Allow-Origin': '*', 'Content-Type': 'application/json; charset=utf-8', 'Content-Length': '168', 'Etag': 'W/"a8-BcE9GSiY4wvxi+R+/2w6fOgIKbY"', 'Date': 'Fri, 03 Sep 2021 18:27:48 GMT', 'Via': '1.1 vegur'} 
 body={"_id":"613269246af31f00169d2edf","name":"Peter Quill","age":30,"aliases":"Star Lord","team":"Guardians of the Galaxy","active":true,"owner":"61300eda874ab200165f0d81"} 
 </msg>
<msg timestamp="20210903 14:27:48.654" level="INFO">${response} = &lt;Response [200]&gt;</msg>
<status status="PASS" starttime="20210903 14:27:48.291" endtime="20210903 14:27:48.654"/>
</kw>
<msg timestamp="20210903 14:27:48.655" level="INFO">${response} = &lt;Response [200]&gt;</msg>
<status status="PASS" starttime="20210903 14:27:48.291" endtime="20210903 14:27:48.655"/>
</kw>
<kw name="Status Should Be" library="RequestsLibrary">
<arg>200</arg>
<arg>${response}</arg>
<doc>Fails if response status code is different than the expected.</doc>
<status status="PASS" starttime="20210903 14:27:48.655" endtime="20210903 14:27:48.655"/>
</kw>
<status status="PASS" starttime="20210903 14:27:48.290" endtime="20210903 14:27:48.656"/>
</test>
<test id="s1-t2" name="Personagem Duplicado">
<kw name="Factory Groot" library="Guardians">
<var>${personagem}</var>
<msg timestamp="20210903 14:27:48.658" level="INFO">${personagem} = {'name': 'Groot', 'aliases': 'Groot', 'age': 300, 'team': 'Guardians of the Galaxy', 'active': True}</msg>
<status status="PASS" starttime="20210903 14:27:48.657" endtime="20210903 14:27:48.658"/>
</kw>
<kw name="POST New Character" library="Characters">
<arg>${personagem}</arg>
<kw name="POST" library="RequestsLibrary">
<var>${response}</var>
<arg>${API_URL}/characters</arg>
<arg>json=${payload}</arg>
<arg>headers=${HEADERS}</arg>
<arg>expected_status=any</arg>
<doc>Sends a POST request.</doc>
<msg timestamp="20210903 14:27:49.044" level="INFO">POST Request : url=http://marvel.qaninja.academy/characters 
 path_url=/characters 
 headers={'User-Agent': 'python-requests/2.26.0', 'Accept-Encoding': 'gzip, deflate', 'Accept': '*/*', 'Connection': 'keep-alive', 'client_key': '61300eda874ab200165f0d81', 'Content-Length': '100', 'Content-Type': 'application/json'} 
 body=b'{"name": "Groot", "aliases": "Groot", "age": 300, "team": "Guardians of the Galaxy", "active": true}' 
 </msg>
<msg timestamp="20210903 14:27:49.044" level="INFO">POST Response : url=http://marvel.qaninja.academy/characters 
 status=200, reason=OK 
 headers={'Server': 'Cowboy', 'Connection': 'keep-alive', 'X-Powered-By': 'Express', 'Access-Control-Allow-Origin': '*', 'Content-Type': 'application/json; charset=utf-8', 'Content-Length': '159', 'Etag': 'W/"9f-hBHV7jmBbpzB8cwFHlfwXp2xgTc"', 'Date': 'Fri, 03 Sep 2021 18:27:48 GMT', 'Via': '1.1 vegur'} 
 body={"_id":"613269246af31f00169d2ee3","name":"Groot","age":300,"aliases":"Groot","team":"Guardians of the Galaxy","active":true,"owner":"61300eda874ab200165f0d81"} 
 </msg>
<msg timestamp="20210903 14:27:49.044" level="INFO">${response} = &lt;Response [200]&gt;</msg>
<status status="PASS" starttime="20210903 14:27:48.658" endtime="20210903 14:27:49.044"/>
</kw>
<status status="PASS" starttime="20210903 14:27:48.658" endtime="20210903 14:27:49.045"/>
</kw>
<kw name="POST New Character" library="Characters">
<var>${response}</var>
<arg>${personagem}</arg>
<kw name="POST" library="RequestsLibrary">
<var>${response}</var>
<arg>${API_URL}/characters</arg>
<arg>json=${payload}</arg>
<arg>headers=${HEADERS}</arg>
<arg>expected_status=any</arg>
<doc>Sends a POST request.</doc>
<msg timestamp="20210903 14:27:49.544" level="INFO">POST Request : url=http://marvel.qaninja.academy/characters 
 path_url=/characters 
 headers={'User-Agent': 'python-requests/2.26.0', 'Accept-Encoding': 'gzip, deflate', 'Accept': '*/*', 'Connection': 'keep-alive', 'client_key': '61300eda874ab200165f0d81', 'Content-Length': '100', 'Content-Type': 'application/json'} 
 body=b'{"name": "Groot", "aliases": "Groot", "age": 300, "team": "Guardians of the Galaxy", "active": true}' 
 </msg>
<msg timestamp="20210903 14:27:49.544" level="INFO">POST Response : url=http://marvel.qaninja.academy/characters 
 status=409, reason=Conflict 
 headers={'Server': 'Cowboy', 'Connection': 'keep-alive', 'X-Powered-By': 'Express', 'Access-Control-Allow-Origin': '*', 'Content-Type': 'application/json; charset=utf-8', 'Content-Length': '39', 'Etag': 'W/"27-u8CjYCAAYHK/l+EQR0JyKi0LQGU"', 'Date': 'Fri, 03 Sep 2021 18:27:49 GMT', 'Via': '1.1 vegur'} 
 body={"error":"Character already exists :("} 
 </msg>
<msg timestamp="20210903 14:27:49.544" level="INFO">${response} = &lt;Response [409]&gt;</msg>
<status status="PASS" starttime="20210903 14:27:49.045" endtime="20210903 14:27:49.544"/>
</kw>
<msg timestamp="20210903 14:27:49.545" level="INFO">${response} = &lt;Response [409]&gt;</msg>
<status status="PASS" starttime="20210903 14:27:49.045" endtime="20210903 14:27:49.545"/>
</kw>
<kw name="Status Should Be" library="RequestsLibrary">
<arg>409</arg>
<arg>${response}</arg>
<doc>Fails if response status code is different than the expected.</doc>
<status status="PASS" starttime="20210903 14:27:49.545" endtime="20210903 14:27:49.546"/>
</kw>
<kw name="Should Be Equal" library="BuiltIn">
<arg>${response.json()}[error]</arg>
<arg>Character already exists :(</arg>
<doc>Fails if the given objects are unequal.</doc>
<status status="PASS" starttime="20210903 14:27:49.546" endtime="20210903 14:27:49.547"/>
</kw>
<tag>dup</tag>
<status status="PASS" starttime="20210903 14:27:48.657" endtime="20210903 14:27:49.547"/>
</test>
<doc>Suite de Testes do Cadastro de personagens na API da Marvel</doc>
<status status="PASS" starttime="20210903 14:27:46.969" endtime="20210903 14:27:49.549"/>
</suite>
<statistics>
<total>
<stat pass="2" fail="0" skip="0">All Tests</stat>
</total>
<tag>
<stat pass="1" fail="0" skip="0">dup</stat>
</tag>
<suite>
<stat pass="2" fail="0" skip="0" id="s1" name="CreateCharacter">CreateCharacter</stat>
</suite>
</statistics>
<errors>
</errors>
</robot>
